[debug] [2024-07-27T09:53:31.642Z] ----------------------------------------------------------------------
[debug] [2024-07-27T09:53:31.643Z] Command:       C:\Users\dipak\Desktop\NEWFOL~1\firebase-tools-instant-win.exe C:\Users\dipak\.cache\firebase\tools\lib\node_modules\firebase-tools\lib\bin\firebase deploy --only hosting:zenithweb
[debug] [2024-07-27T09:53:31.643Z] CLI Version:   13.6.0
[debug] [2024-07-27T09:53:31.644Z] Platform:      win32
[debug] [2024-07-27T09:53:31.644Z] Node Version:  v18.5.0
[debug] [2024-07-27T09:53:31.645Z] Time:          Sat Jul 27 2024 15:23:31 GMT+0530 (India Standard Time)
[debug] [2024-07-27T09:53:31.645Z] ----------------------------------------------------------------------
[debug] 
[debug] [2024-07-27T09:53:31.701Z] > command requires scopes: ["email","openid","https://www.googleapis.com/auth/cloudplatformprojects.readonly","https://www.googleapis.com/auth/firebase","https://www.googleapis.com/auth/cloud-platform"]
[debug] [2024-07-27T09:53:31.701Z] > authorizing via signed-in user (dipakagarwal101505@gmail.com)
[debug] [2024-07-27T09:53:31.701Z] [iam] checking project cloud-profiler-demo-399610 for permissions ["firebase.projects.get","firebasehosting.sites.update"]
[debug] [2024-07-27T09:53:31.703Z] >>> [apiv2][query] POST https://cloudresourcemanager.googleapis.com/v1/projects/cloud-profiler-demo-399610:testIamPermissions [none]
[debug] [2024-07-27T09:53:31.704Z] >>> [apiv2][(partial)header] POST https://cloudresourcemanager.googleapis.com/v1/projects/cloud-profiler-demo-399610:testIamPermissions x-goog-quota-user=projects/cloud-profiler-demo-399610
[debug] [2024-07-27T09:53:31.704Z] >>> [apiv2][body] POST https://cloudresourcemanager.googleapis.com/v1/projects/cloud-profiler-demo-399610:testIamPermissions {"permissions":["firebase.projects.get","firebasehosting.sites.update"]}
[debug] [2024-07-27T09:53:33.495Z] <<< [apiv2][status] POST https://cloudresourcemanager.googleapis.com/v1/projects/cloud-profiler-demo-399610:testIamPermissions 200
[debug] [2024-07-27T09:53:33.495Z] <<< [apiv2][body] POST https://cloudresourcemanager.googleapis.com/v1/projects/cloud-profiler-demo-399610:testIamPermissions {"permissions":["firebase.projects.get","firebasehosting.sites.update"]}
[debug] [2024-07-27T09:53:33.497Z] >>> [apiv2][query] GET https://firebase.googleapis.com/v1beta1/projects/cloud-profiler-demo-399610 [none]
[debug] [2024-07-27T09:53:34.250Z] <<< [apiv2][status] GET https://firebase.googleapis.com/v1beta1/projects/cloud-profiler-demo-399610 200
[debug] [2024-07-27T09:53:34.250Z] <<< [apiv2][body] GET https://firebase.googleapis.com/v1beta1/projects/cloud-profiler-demo-399610 {"projectId":"cloud-profiler-demo-399610","projectNumber":"572657056042","displayName":"Cloud profiler demo","name":"projects/cloud-profiler-demo-399610","resources":{"hostingSite":"cloud-profiler-demo-399610","realtimeDatabaseInstance":"cloud-profiler-demo-399610-default-rtdb","storageBucket":"cloud-profiler-demo-399610.appspot.com","locationId":"asia-south1"},"state":"ACTIVE","etag":"1_9448e53b-62db-4282-a168-6b1a4a53f186"}
[info] 
   Thank you for trying our early preview of Next.js support on Firebase Hosting.
   During the preview, support is best-effort and breaking changes can be expected. Proceed with caution.

   Documentation: https://firebase.google.com/docs/hosting/frameworks/nextjs
   File a bug: https://github.com/firebase/firebase-tools/issues/new?template=bug_report.md
   Submit a feature request: https://github.com/firebase/firebase-tools/issues/new?template=feature_request.md

   We'd love to learn from you. Express your interest in helping us shape the future of Firebase Hosting: https://goo.gle/41enW5X

[debug] [2024-07-27T09:53:40.770Z] >>> [apiv2][query] GET https://firebasehosting.googleapis.com/v1beta1/projects/cloud-profiler-demo-399610/sites/cloud-profiler-demo-399610 [none]
[debug] [2024-07-27T09:53:42.208Z] <<< [apiv2][status] GET https://firebasehosting.googleapis.com/v1beta1/projects/cloud-profiler-demo-399610/sites/cloud-profiler-demo-399610 200
[debug] [2024-07-27T09:53:42.208Z] <<< [apiv2][body] GET https://firebasehosting.googleapis.com/v1beta1/projects/cloud-profiler-demo-399610/sites/cloud-profiler-demo-399610 {"name":"projects/cloud-profiler-demo-399610/sites/cloud-profiler-demo-399610","defaultUrl":"https://cloud-profiler-demo-399610.web.app","appId":"1:572657056042:web:a95784619518744992c653","type":"DEFAULT_SITE"}
[info] warn  - You have enabled experimental feature(s).
warn  - Experimental features are not covered by semver, and may cause unexpected or broken application behavior. Use them at your own risk.


[info] Browserslist: caniuse-lite is outdated. Please run:
  npx browserslist@latest --update-db
  Why you should do it regularly: https://github.com/browserslist/browserslist#browsers-data-updating

[info] info  - Checking validity of types...

[info] error - ESLint must be installed in order to run during builds: npm install --save-dev eslint

[info] info  - Creating an optimized production build...

[info] Browserslist: caniuse-lite is outdated. Please run:
  npx browserslist@latest --update-db
  Why you should do it regularly: https://github.com/browserslist/browserslist#browsers-data-updating

[info] info  - Compiled successfully

[info] info  - Collecting page data...

[info] info  - Generating static pages (0/12)

[info] info  - Generating static pages (3/12)

[info] info  - Generating static pages (6/12)

[info] info  - Generating static pages (9/12)

[info] info  - Generating static pages (12/12)

[info] info  - Finalizing page optimization...

[info] 

[info] Page                                       Size     First Load JS
┌ ○ /                                      5.11 kB         109 kB
├   /_app                                  0 B            77.6 kB
├ ○ /404                                   192 B          77.8 kB
├ ○ /about                                 4.52 kB         109 kB
├ ○ /agency                                3.71 kB         107 kB
├ λ /api/hello                             0 B            77.6 kB
├ ○ /blog                                  1.65 kB        89.1 kB
├ ○ /blog-detail                           3.08 kB        90.6 kB
├ ○ /contact                               1.49 kB        90.1 kB
├ ○ /education                             4.58 kB         106 kB
├ ○ /job                                   4.47 kB         107 kB
├ ○ /services                              5.07 kB         109 kB
└ ○ /travel (458 ms)                       32.9 kB         135 kB
    └ css/9c47dc72777940ec.css             2.54 kB
+ First Load JS shared by all              77.6 kB
  ├ chunks/framework-fc97f3f1282ce3ed.js   44.9 kB
  ├ chunks/main-be2ec9f08b7a9377.js        28.5 kB
  ├ chunks/pages/_app-7d2e5789c4ff55ec.js  3.44 kB
  ├ chunks/webpack-5752944655d749a0.js     840 B
  └ css/da4f52b482811d77.css               64.6 kB


[info] λ  (Server)  server-side renders at runtime (uses getInitialProps or getServerSideProps)
○  (Static)  automatically rendered as static HTML (uses no initial props)


[info] Building a Cloud Function to run this application. This is needed due to:
[info]  • Image Optimization
[info]  • non-static route /api/hello
[info] 
[debug] [2024-07-27T09:54:05.306Z] >>> [apiv2][query] GET https://firebasehosting.googleapis.com/v1beta1/projects/cloud-profiler-demo-399610/sites/cloud-profiler-demo-399610 [none]
[debug] [2024-07-27T09:54:06.711Z] <<< [apiv2][status] GET https://firebasehosting.googleapis.com/v1beta1/projects/cloud-profiler-demo-399610/sites/cloud-profiler-demo-399610 200
[debug] [2024-07-27T09:54:06.711Z] <<< [apiv2][body] GET https://firebasehosting.googleapis.com/v1beta1/projects/cloud-profiler-demo-399610/sites/cloud-profiler-demo-399610 {"name":"projects/cloud-profiler-demo-399610/sites/cloud-profiler-demo-399610","defaultUrl":"https://cloud-profiler-demo-399610.web.app","appId":"1:572657056042:web:a95784619518744992c653","type":"DEFAULT_SITE"}
[debug] [2024-07-27T09:54:43.679Z] Error: Command failed: npm i --omit dev --no-audit
    at checkExecSyncError (node:child_process:820:11)
    at Object.execSync (node:child_process:891:15)
    at execSync (pkg/prelude/bootstrap.js:2111:30)
    at prepareFrameworks (C:\Users\dipak\.cache\firebase\tools\lib\node_modules\firebase-tools\lib\frameworks\index.js:375:42)
    at async deploy (C:\Users\dipak\.cache\firebase\tools\lib\node_modules\firebase-tools\lib\deploy\index.js:55:13)
[error] 
[error] Error: An unexpected error has occurred.
